2022-08-26 17:01:07,919 [main] INFO io.github.bonigarcia.wdm.WebDriverManager - Using chromedriver 104.0.5112.79 (since Google Chrome 104 is installed in your machine)
2022-08-26 17:01:07,968 [main] INFO io.github.bonigarcia.wdm.WebDriverManager - Exporting webdriver.chrome.driver as C:\Users\rprajapati\.m2\repository\webdriver\chromedriver\win32\104.0.5112.79\chromedriver.exe
2022-08-26 17:01:32,654 [main] INFO RW500PKGSMOKE - Clicked on Admin
2022-08-26 17:01:32,918 [main] INFO RW500PKGSMOKE - Moved to Route Work
2022-08-26 17:01:38,729 [main] INFO RW500PKGSMOKE - Clicked on Route work form
2022-08-26 17:01:39,040 [main] INFO RW500PKGSMOKE - Enter RW Description
2022-08-26 17:01:39,144 [main] INFO RW500PKGSMOKE - RWName==Route Name Automation 7802199
2022-08-26 17:01:39,340 [main] INFO RW500PKGSMOKE - Enter Customer Code
2022-08-26 17:01:39,504 [main] INFO RW500PKGSMOKE - Enter Declared Value
2022-08-26 17:01:39,778 [main] INFO RW500PKGSMOKE - Enter Reference 2 and 4
2022-08-26 17:01:39,888 [main] INFO RW500PKGSMOKE - Clicked on Executed By
2022-08-26 17:01:40,067 [main] INFO RW500PKGSMOKE - Enter Generate Route 1
2022-08-26 17:01:40,202 [main] INFO RW500PKGSMOKE - Enter Courier Route
2022-08-26 17:01:40,394 [main] INFO RW500PKGSMOKE - Enter Start Date
2022-08-26 17:01:40,623 [main] INFO RW500PKGSMOKE - Enter End Date
2022-08-26 17:01:40,786 [main] INFO RW500PKGSMOKE - Enter Ready Hour
2022-08-26 17:01:40,886 [main] INFO RW500PKGSMOKE - Enter Ready Minute
2022-08-26 17:01:40,990 [main] INFO RW500PKGSMOKE - Enter Due Hour
2022-08-26 17:01:41,098 [main] INFO RW500PKGSMOKE - Enter Due Minute
2022-08-26 17:01:41,228 [main] INFO RW500PKGSMOKE - Enter Due Format
2022-08-26 17:01:41,379 [main] INFO RW500PKGSMOKE - Ready Time: 08:30 AM
2022-08-26 17:01:41,525 [main] INFO RW500PKGSMOKE - Clicked on Recurrence
2022-08-26 17:01:41,677 [main] INFO RW500PKGSMOKE - Enter 2 in Daily
2022-08-26 17:01:42,022 [main] INFO RW500PKGSMOKE - Enter Exempt Date
2022-08-26 17:01:42,268 [main] INFO RW500PKGSMOKE - Enter Alternate Date
2022-08-26 17:01:42,502 [main] INFO RW500PKGSMOKE - Enter First Generation Date
2022-08-26 17:01:42,690 [main] INFO RW500PKGSMOKE - Enter Hour
2022-08-26 17:01:42,839 [main] INFO RW500PKGSMOKE - Enter Minute
2022-08-26 17:01:42,980 [main] INFO RW500PKGSMOKE - Enter Am/PM
2022-08-26 17:01:43,293 [main] INFO RW500PKGSMOKE - Enter Route Work Email
2022-08-26 17:01:43,461 [main] INFO RW500PKGSMOKE - Enter Flat Rate
2022-08-26 17:01:44,019 [main] INFO RW500PKGSMOKE - Enter Packages
2022-08-26 17:01:46,366 [main] INFO RW500PKGSMOKE - Click on Route No
2022-08-26 17:01:48,642 [main] INFO RW500PKGSMOKE - Enter Content
2022-08-26 17:01:50,026 [main] INFO RW500PKGSMOKE - Enter Route Qty
2022-08-26 17:01:51,287 [main] INFO RW500PKGSMOKE - Enter Route Qty
2022-08-26 17:01:52,470 [main] INFO RW500PKGSMOKE - Enter Route Qty
2022-08-26 17:01:53,666 [main] INFO RW500PKGSMOKE - Enter Route Qty
2022-08-26 17:01:54,867 [main] INFO RW500PKGSMOKE - Enter Route Qty
2022-08-26 17:01:55,871 [main] INFO RW500PKGSMOKE - Enter Route Qty
2022-08-26 17:01:56,757 [main] INFO RW500PKGSMOKE - Enter Route Qty
2022-08-26 17:01:57,834 [main] INFO RW500PKGSMOKE - Enter Route Qty
2022-08-26 17:01:58,991 [main] INFO RW500PKGSMOKE - Enter Route Qty
2022-08-26 17:02:00,149 [main] INFO RW500PKGSMOKE - Enter Route Qty
2022-08-26 17:02:01,318 [main] INFO RW500PKGSMOKE - Click on Next button
2022-08-26 17:02:03,585 [main] INFO RW500PKGSMOKE - Enter Route Qty
2022-08-26 17:02:05,018 [main] INFO RW500PKGSMOKE - Enter Route Qty
2022-08-26 17:02:06,123 [main] INFO RW500PKGSMOKE - Enter Route Qty
2022-08-26 17:02:07,353 [main] INFO RW500PKGSMOKE - Enter Route Qty
2022-08-26 17:02:08,366 [main] INFO RW500PKGSMOKE - Enter Route Qty
2022-08-26 17:02:09,550 [main] INFO RW500PKGSMOKE - Enter Route Qty
2022-08-26 17:02:10,715 [main] INFO RW500PKGSMOKE - Enter Route Qty
2022-08-26 17:02:11,867 [main] INFO RW500PKGSMOKE - Enter Route Qty
2022-08-26 17:02:13,010 [main] INFO RW500PKGSMOKE - Enter Route Qty
2022-08-26 17:02:14,184 [main] INFO RW500PKGSMOKE - Enter Route Qty
2022-08-26 17:02:15,223 [main] INFO RW500PKGSMOKE - Click on Next button
2022-08-26 17:02:17,487 [main] INFO RW500PKGSMOKE - Enter Route Qty
2022-08-26 17:02:18,588 [main] INFO RW500PKGSMOKE - Enter Route Qty
2022-08-26 17:02:19,773 [main] INFO RW500PKGSMOKE - Enter DL Company
2022-08-26 17:02:19,955 [main] INFO RW500PKGSMOKE - Enter DL Contact
2022-08-26 17:02:20,178 [main] INFO RW500PKGSMOKE - Enter DL Address 1
2022-08-26 17:02:20,356 [main] INFO RW500PKGSMOKE - Enter DL Address 2
2022-08-26 17:02:20,525 [main] INFO RW500PKGSMOKE - Enter DL ZipCode
2022-08-26 17:02:22,744 [main] INFO RW500PKGSMOKE - Enter DL Phone
2022-08-26 17:02:23,037 [main] INFO RW500PKGSMOKE - Enter DL Instruction
2022-08-26 17:02:23,037 [main] INFO RW500PKGSMOKE - Enter Shipment Details-1
2022-08-26 17:02:23,216 [main] INFO RW500PKGSMOKE - Enter From Stop Seq
2022-08-26 17:02:23,478 [main] INFO RW500PKGSMOKE - Enter From Company
2022-08-26 17:02:23,691 [main] INFO RW500PKGSMOKE - Enter From Contact
2022-08-26 17:02:23,950 [main] INFO RW500PKGSMOKE - Enter From Address
2022-08-26 17:02:24,118 [main] INFO RW500PKGSMOKE - Enter From Address 2
2022-08-26 17:02:24,304 [main] INFO RW500PKGSMOKE - Enter From Zip
2022-08-26 17:02:26,558 [main] INFO RW500PKGSMOKE - Enter From Phone
2022-08-26 17:02:26,783 [main] INFO RW500PKGSMOKE - Enter From Instruction
2022-08-26 17:02:27,031 [main] INFO RW500PKGSMOKE - Enter Shipper Email
2022-08-26 17:02:27,167 [main] INFO RW500PKGSMOKE - Click on Shipper Order RCVD Checkbox
2022-08-26 17:02:27,329 [main] INFO RW500PKGSMOKE - Click on Ship Pickup
2022-08-26 17:02:27,488 [main] INFO RW500PKGSMOKE - Click on Ship Delivery
2022-08-26 17:02:27,669 [main] INFO RW500PKGSMOKE - Enter To StopSeq
2022-08-26 17:02:27,876 [main] INFO RW500PKGSMOKE - Enter To Company
2022-08-26 17:02:28,092 [main] INFO RW500PKGSMOKE - Enter To Contact
2022-08-26 17:02:28,346 [main] INFO RW500PKGSMOKE - Enter To Address 1
2022-08-26 17:02:28,523 [main] INFO RW500PKGSMOKE - Enter To Address 2
2022-08-26 17:02:28,658 [main] INFO RW500PKGSMOKE - Enter To Zip
2022-08-26 17:02:30,895 [main] INFO RW500PKGSMOKE - Enter To Phone
2022-08-26 17:02:31,094 [main] INFO RW500PKGSMOKE - Enter To Del Instruction
2022-08-26 17:02:31,325 [main] INFO RW500PKGSMOKE - Enter To Recipient Email
2022-08-26 17:02:31,485 [main] INFO RW500PKGSMOKE - Click on Ship Recp Order RCvd
2022-08-26 17:02:31,646 [main] INFO RW500PKGSMOKE - Click on Recp QDT Changey
2022-08-26 17:02:31,809 [main] INFO RW500PKGSMOKE - Click on Recp Exception
2022-08-26 17:02:31,810 [main] INFO RW500PKGSMOKE - Enter Package for Shipment 1
2022-08-26 17:02:32,121 [main] INFO RW500PKGSMOKE - Enter Pieces
2022-08-26 17:02:33,544 [main] INFO RW500PKGSMOKE - Enter Contents
2022-08-26 17:02:34,873 [main] INFO RW500PKGSMOKE - Enter Len
2022-08-26 17:02:35,148 [main] INFO RW500PKGSMOKE - Enter Wid
2022-08-26 17:02:35,402 [main] INFO RW500PKGSMOKE - Enter Ht
2022-08-26 17:02:35,651 [main] INFO RW500PKGSMOKE - Enter Act Wt
2022-08-26 17:02:35,872 [main] INFO RW500PKGSMOKE - Enter Ref 1
2022-08-26 17:02:36,080 [main] INFO RW500PKGSMOKE - Enter Ref 3
2022-08-26 17:02:41,029 [main] INFO RW500PKGSMOKE - Click on Add Shipment
2022-08-26 17:02:41,082 [main] INFO RW500PKGSMOKE - Scrollto Edit STop
2022-08-26 17:02:43,171 [main] INFO RW500PKGSMOKE - Scrollto ShipmentDetail
2022-08-26 17:02:48,184 [main] INFO RW500PKGSMOKE - Shipment Details 2
2022-08-26 17:02:48,834 [main] INFO RW500PKGSMOKE - Enter From Stop 1
2022-08-26 17:02:51,379 [main] INFO RW500PKGSMOKE - Enter To stop 3
2022-08-26 17:02:51,733 [main] INFO RW500PKGSMOKE - Enter To Company
2022-08-26 17:02:52,123 [main] INFO RW500PKGSMOKE - Enter To Contact
2022-08-26 17:02:52,449 [main] INFO RW500PKGSMOKE - Enter To Address 1
2022-08-26 17:02:52,804 [main] INFO RW500PKGSMOKE - Enter To Zip
2022-08-26 17:02:55,078 [main] INFO RW500PKGSMOKE - Enter To Phone
2022-08-26 17:02:55,277 [main] INFO RW500PKGSMOKE - Enter To Del Instruction
2022-08-26 17:02:55,583 [main] INFO RW500PKGSMOKE - Enter To Recipient Email
2022-08-26 17:02:55,704 [main] INFO RW500PKGSMOKE - Click on Reco Order Rcvd
2022-08-26 17:02:55,838 [main] INFO RW500PKGSMOKE - Enter To Ref 1
2022-08-26 17:02:55,957 [main] INFO RW500PKGSMOKE - Enter To Ref 3
2022-08-26 17:03:00,678 [main] INFO RW500PKGSMOKE - Click on Add Shipment
2022-08-26 17:03:00,718 [main] INFO RW500PKGSMOKE - Scroll to Edit stop
2022-08-26 17:03:07,805 [main] INFO RW500PKGSMOKE - Scroll to ShipmentDetails
2022-08-26 17:03:08,004 [main] INFO RW500PKGSMOKE - Enter Fro Stop Seq 1
2022-08-26 17:03:10,333 [main] INFO RW500PKGSMOKE - Enter To Stop seq 4
2022-08-26 17:03:10,488 [main] INFO RW500PKGSMOKE - Enter To Company
2022-08-26 17:03:10,665 [main] INFO RW500PKGSMOKE - Enter To Contact
2022-08-26 17:03:10,822 [main] INFO RW500PKGSMOKE - Enter To Address 1
2022-08-26 17:03:10,939 [main] INFO RW500PKGSMOKE - Enter To Address 2
2022-08-26 17:03:11,063 [main] INFO RW500PKGSMOKE - Enter To Zip
2022-08-26 17:03:13,339 [main] INFO RW500PKGSMOKE - Enter To Phone
2022-08-26 17:03:13,577 [main] INFO RW500PKGSMOKE - Enter To Del Instruction
2022-08-26 17:03:13,748 [main] INFO RW500PKGSMOKE - Enter To Recipient Email
2022-08-26 17:03:13,860 [main] INFO RW500PKGSMOKE - Click on Recp Order Rcvd
2022-08-26 17:03:13,961 [main] INFO RW500PKGSMOKE - Click on Recp QDT Change
2022-08-26 17:03:14,059 [main] INFO RW500PKGSMOKE - Click on Recp Exception
2022-08-26 17:03:14,305 [main] INFO RW500PKGSMOKE - Enter To Zip
2022-08-26 17:03:14,711 [main] INFO RW500PKGSMOKE - Enter To Zip
2022-08-26 17:03:15,463 [main] INFO RW500PKGSMOKE - Enter Len
2022-08-26 17:03:15,656 [main] INFO RW500PKGSMOKE - Enter Wt
2022-08-26 17:03:15,797 [main] INFO RW500PKGSMOKE - Enter Ht
2022-08-26 17:03:15,927 [main] INFO RW500PKGSMOKE - Enter Act Wt
2022-08-26 17:03:16,051 [main] INFO RW500PKGSMOKE - Enter To Ref 1
2022-08-26 17:03:16,236 [main] INFO RW500PKGSMOKE - Enter Ref 3
2022-08-26 17:03:21,640 [main] INFO RW500PKGSMOKE - Click on Add Shipment
2022-08-26 17:03:23,804 [main] INFO RW500PKGSMOKE - SCroll to Edit stop
2022-08-26 17:03:28,836 [main] INFO RW500PKGSMOKE - Scroll to ShipmentDetails
2022-08-26 17:03:28,837 [main] INFO RW500PKGSMOKE - Shipment Details 4
2022-08-26 17:03:29,108 [main] INFO RW500PKGSMOKE - Enter from stop seq 1
2022-08-26 17:03:31,251 [main] INFO RW500PKGSMOKE - Enter To Stop seq 6
2022-08-26 17:03:31,397 [main] INFO RW500PKGSMOKE - Enter To Compnay
2022-08-26 17:03:31,620 [main] INFO RW500PKGSMOKE - Enter To Contact
2022-08-26 17:03:31,849 [main] INFO RW500PKGSMOKE - Enter To Address 1
2022-08-26 17:03:32,136 [main] INFO RW500PKGSMOKE - Enter To Zip
2022-08-26 17:03:34,259 [main] INFO RW500PKGSMOKE - Enter To Phone
2022-08-26 17:03:34,384 [main] INFO RW500PKGSMOKE - Enter To Del Instr
2022-08-26 17:03:34,570 [main] INFO RW500PKGSMOKE - Enter To Recipient Email
2022-08-26 17:03:34,660 [main] INFO RW500PKGSMOKE - Click on Recp Order Rcvd
2022-08-26 17:03:34,833 [main] INFO RW500PKGSMOKE - Enter Pieces
2022-08-26 17:03:35,322 [main] INFO RW500PKGSMOKE - Click on RDB No
2022-08-26 17:03:36,674 [main] INFO RW500PKGSMOKE - Enter Contents
2022-08-26 17:03:39,221 [main] INFO RW500PKGSMOKE - Enter Qty
2022-08-26 17:03:39,521 [main] INFO RW500PKGSMOKE - Enter Len
2022-08-26 17:03:39,848 [main] INFO RW500PKGSMOKE - Enter Wid
2022-08-26 17:03:40,174 [main] INFO RW500PKGSMOKE - Enter Ht
2022-08-26 17:03:40,450 [main] INFO RW500PKGSMOKE - Enter Act Wt
2022-08-26 17:03:41,054 [main] INFO RW500PKGSMOKE - Enter Qty
2022-08-26 17:03:41,406 [main] INFO RW500PKGSMOKE - Enter Len
2022-08-26 17:03:41,789 [main] INFO RW500PKGSMOKE - Enter Wid
2022-08-26 17:03:42,116 [main] INFO RW500PKGSMOKE - Enter Ht
2022-08-26 17:03:42,459 [main] INFO RW500PKGSMOKE - Enter Act Wt
2022-08-26 17:03:43,062 [main] INFO RW500PKGSMOKE - Enter Qty
2022-08-26 17:03:43,322 [main] INFO RW500PKGSMOKE - Enter Len
2022-08-26 17:03:43,656 [main] INFO RW500PKGSMOKE - Enter Wid
2022-08-26 17:03:43,968 [main] INFO RW500PKGSMOKE - Enter Ht
2022-08-26 17:03:44,347 [main] INFO RW500PKGSMOKE - Enter Act Wt
2022-08-26 17:03:44,894 [main] INFO RW500PKGSMOKE - Enter Qty
2022-08-26 17:03:45,077 [main] INFO RW500PKGSMOKE - Enter Len
2022-08-26 17:03:45,251 [main] INFO RW500PKGSMOKE - Enter Wid
2022-08-26 17:03:45,504 [main] INFO RW500PKGSMOKE - Enter Ht
2022-08-26 17:03:45,844 [main] INFO RW500PKGSMOKE - Enter Act Wt
2022-08-26 17:03:46,332 [main] INFO RW500PKGSMOKE - Enter Qty
2022-08-26 17:03:46,514 [main] INFO RW500PKGSMOKE - Enter Len
2022-08-26 17:03:46,856 [main] INFO RW500PKGSMOKE - Enter Wid
2022-08-26 17:03:47,226 [main] INFO RW500PKGSMOKE - Enter Ht
2022-08-26 17:03:47,592 [main] INFO RW500PKGSMOKE - Enter Act Wt
2022-08-26 17:03:48,201 [main] INFO RW500PKGSMOKE - Enter Qty
2022-08-26 17:03:48,542 [main] INFO RW500PKGSMOKE - Enter Len
2022-08-26 17:03:48,868 [main] INFO RW500PKGSMOKE - Enter Wid
2022-08-26 17:03:49,188 [main] INFO RW500PKGSMOKE - Enter Ht
2022-08-26 17:03:49,526 [main] INFO RW500PKGSMOKE - Enter Act Wt
2022-08-26 17:03:50,101 [main] INFO RW500PKGSMOKE - Enter Qty
2022-08-26 17:03:50,387 [main] INFO RW500PKGSMOKE - Enter Len
2022-08-26 17:03:50,671 [main] INFO RW500PKGSMOKE - Enter Wid
2022-08-26 17:03:50,956 [main] INFO RW500PKGSMOKE - Enter Ht
2022-08-26 17:03:51,233 [main] INFO RW500PKGSMOKE - Enter Act Wt
2022-08-26 17:03:51,664 [main] INFO RW500PKGSMOKE - Enter Qty
2022-08-26 17:03:51,848 [main] INFO RW500PKGSMOKE - Enter Len
2022-08-26 17:03:52,068 [main] INFO RW500PKGSMOKE - Enter Wid
2022-08-26 17:03:52,299 [main] INFO RW500PKGSMOKE - Enter Ht
2022-08-26 17:03:52,564 [main] INFO RW500PKGSMOKE - Enter Act Wt
2022-08-26 17:03:53,099 [main] INFO RW500PKGSMOKE - Enter Qty
2022-08-26 17:03:53,379 [main] INFO RW500PKGSMOKE - Enter Len
2022-08-26 17:03:53,661 [main] INFO RW500PKGSMOKE - Enter Wid
2022-08-26 17:03:53,884 [main] INFO RW500PKGSMOKE - Enter Ht
2022-08-26 17:03:54,162 [main] INFO RW500PKGSMOKE - Enter Act Wt
2022-08-26 17:03:54,652 [main] INFO RW500PKGSMOKE - Enter Qty
2022-08-26 17:03:54,867 [main] INFO RW500PKGSMOKE - Enter Len
2022-08-26 17:03:55,163 [main] INFO RW500PKGSMOKE - Enter Wid
2022-08-26 17:03:55,449 [main] INFO RW500PKGSMOKE - Enter Ht
2022-08-26 17:03:55,727 [main] INFO RW500PKGSMOKE - Enter Act Wt
2022-08-26 17:03:55,924 [main] INFO RW500PKGSMOKE - Click on Next button
2022-08-26 17:03:58,423 [main] INFO RW500PKGSMOKE - Enter Qty
2022-08-26 17:03:58,719 [main] INFO RW500PKGSMOKE - Enter Len
2022-08-26 17:03:59,091 [main] INFO RW500PKGSMOKE - Enter Wid
2022-08-26 17:03:59,435 [main] INFO RW500PKGSMOKE - Enter Ht
2022-08-26 17:03:59,772 [main] INFO RW500PKGSMOKE - Enter Act Wt
2022-08-26 17:04:00,400 [main] INFO RW500PKGSMOKE - Enter Qty
2022-08-26 17:04:00,778 [main] INFO RW500PKGSMOKE - Enter Len
2022-08-26 17:04:01,102 [main] INFO RW500PKGSMOKE - Enter Wid
2022-08-26 17:04:01,439 [main] INFO RW500PKGSMOKE - Enter Ht
2022-08-26 17:04:01,794 [main] INFO RW500PKGSMOKE - Enter Act Wt
2022-08-26 17:04:02,405 [main] INFO RW500PKGSMOKE - Enter Qty
2022-08-26 17:04:02,725 [main] INFO RW500PKGSMOKE - Enter Len
2022-08-26 17:04:03,030 [main] INFO RW500PKGSMOKE - Enter Wid
2022-08-26 17:04:03,351 [main] INFO RW500PKGSMOKE - Enter Ht
2022-08-26 17:04:03,714 [main] INFO RW500PKGSMOKE - Enter Act Wt
2022-08-26 17:04:04,282 [main] INFO RW500PKGSMOKE - Enter Qty
2022-08-26 17:04:04,617 [main] INFO RW500PKGSMOKE - Enter Len
2022-08-26 17:04:04,994 [main] INFO RW500PKGSMOKE - Enter Wid
2022-08-26 17:04:05,329 [main] INFO RW500PKGSMOKE - Enter Ht
2022-08-26 17:04:05,636 [main] INFO RW500PKGSMOKE - Enter Act Wt
2022-08-26 17:04:06,181 [main] INFO RW500PKGSMOKE - Enter Qty
2022-08-26 17:04:06,453 [main] INFO RW500PKGSMOKE - Enter Len
2022-08-26 17:04:06,784 [main] INFO RW500PKGSMOKE - Enter Wid
2022-08-26 17:04:07,084 [main] INFO RW500PKGSMOKE - Enter Ht
2022-08-26 17:04:07,365 [main] INFO RW500PKGSMOKE - Enter Act Wt
2022-08-26 17:04:07,861 [main] INFO RW500PKGSMOKE - Enter Qty
2022-08-26 17:04:08,065 [main] INFO RW500PKGSMOKE - Enter Len
2022-08-26 17:04:08,314 [main] INFO RW500PKGSMOKE - Enter Wid
2022-08-26 17:04:08,620 [main] INFO RW500PKGSMOKE - Enter Ht
2022-08-26 17:04:08,931 [main] INFO RW500PKGSMOKE - Enter Act Wt
2022-08-26 17:04:09,381 [main] INFO RW500PKGSMOKE - Enter Qty
2022-08-26 17:04:09,619 [main] INFO RW500PKGSMOKE - Enter Len
2022-08-26 17:04:09,831 [main] INFO RW500PKGSMOKE - Enter Wid
2022-08-26 17:04:10,087 [main] INFO RW500PKGSMOKE - Enter Ht
2022-08-26 17:04:10,362 [main] INFO RW500PKGSMOKE - Enter Act Wt
2022-08-26 17:04:10,880 [main] INFO RW500PKGSMOKE - Enter Qty
2022-08-26 17:04:11,237 [main] INFO RW500PKGSMOKE - Enter Len
2022-08-26 17:04:11,529 [main] INFO RW500PKGSMOKE - Enter Wid
2022-08-26 17:04:11,820 [main] INFO RW500PKGSMOKE - Enter Ht
2022-08-26 17:04:12,020 [main] INFO RW500PKGSMOKE - Enter Act Wt
2022-08-26 17:04:12,500 [main] INFO RW500PKGSMOKE - Enter Qty
2022-08-26 17:04:12,808 [main] INFO RW500PKGSMOKE - Enter Len
2022-08-26 17:04:13,017 [main] INFO RW500PKGSMOKE - Enter Wid
2022-08-26 17:04:13,293 [main] INFO RW500PKGSMOKE - Enter Ht
2022-08-26 17:04:13,581 [main] INFO RW500PKGSMOKE - Enter Act Wt
2022-08-26 17:04:14,068 [main] INFO RW500PKGSMOKE - Enter Qty
2022-08-26 17:04:14,276 [main] INFO RW500PKGSMOKE - Enter Len
2022-08-26 17:04:14,465 [main] INFO RW500PKGSMOKE - Enter Wid
2022-08-26 17:04:14,772 [main] INFO RW500PKGSMOKE - Enter Ht
2022-08-26 17:04:14,970 [main] INFO RW500PKGSMOKE - Enter Act Wt
2022-08-26 17:04:15,179 [main] INFO RW500PKGSMOKE - Click on Next button
2022-08-26 17:04:17,782 [main] INFO RW500PKGSMOKE - Enter Qty
2022-08-26 17:04:18,071 [main] INFO RW500PKGSMOKE - Enter Len
2022-08-26 17:04:18,318 [main] INFO RW500PKGSMOKE - Enter Wid
2022-08-26 17:04:18,628 [main] INFO RW500PKGSMOKE - Enter Ht
2022-08-26 17:04:18,868 [main] INFO RW500PKGSMOKE - Enter Act Wt
2022-08-26 17:04:19,332 [main] INFO RW500PKGSMOKE - Enter Qty
2022-08-26 17:04:19,544 [main] INFO RW500PKGSMOKE - Enter Len
2022-08-26 17:04:19,785 [main] INFO RW500PKGSMOKE - Enter Wid
2022-08-26 17:04:20,065 [main] INFO RW500PKGSMOKE - Enter Ht
2022-08-26 17:04:20,540 [main] INFO RW500PKGSMOKE - Enter Act Wt
2022-08-26 17:04:21,438 [main] INFO RW500PKGSMOKE - Enter Qty
2022-08-26 17:04:21,624 [main] INFO RW500PKGSMOKE - Enter Len
2022-08-26 17:04:21,770 [main] INFO RW500PKGSMOKE - Enter Wid
2022-08-26 17:04:21,930 [main] INFO RW500PKGSMOKE - Enter Ht
2022-08-26 17:04:22,076 [main] INFO RW500PKGSMOKE - Enter Act Wt
2022-08-26 17:04:22,416 [main] INFO RW500PKGSMOKE - Enter Qty
2022-08-26 17:04:22,680 [main] INFO RW500PKGSMOKE - Enter Len
2022-08-26 17:04:23,010 [main] INFO RW500PKGSMOKE - Enter Wid
2022-08-26 17:04:23,296 [main] INFO RW500PKGSMOKE - Enter Ht
2022-08-26 17:04:23,658 [main] INFO RW500PKGSMOKE - Enter Act Wt
2022-08-26 17:04:24,233 [main] INFO RW500PKGSMOKE - Enter Qty
2022-08-26 17:04:24,572 [main] INFO RW500PKGSMOKE - Enter Len
2022-08-26 17:04:24,932 [main] INFO RW500PKGSMOKE - Enter Wid
2022-08-26 17:04:25,288 [main] INFO RW500PKGSMOKE - Enter Ht
2022-08-26 17:04:25,580 [main] INFO RW500PKGSMOKE - Enter Act Wt
2022-08-26 17:04:26,064 [main] INFO RW500PKGSMOKE - Enter Qty
2022-08-26 17:04:26,334 [main] INFO RW500PKGSMOKE - Enter Len
2022-08-26 17:04:26,580 [main] INFO RW500PKGSMOKE - Enter Wid
2022-08-26 17:04:26,784 [main] INFO RW500PKGSMOKE - Enter Ht
2022-08-26 17:04:27,010 [main] INFO RW500PKGSMOKE - Enter Act Wt
2022-08-26 17:04:27,530 [main] INFO RW500PKGSMOKE - Enter Qty
2022-08-26 17:04:27,830 [main] INFO RW500PKGSMOKE - Enter Len
2022-08-26 17:04:28,142 [main] INFO RW500PKGSMOKE - Enter Wid
2022-08-26 17:04:28,472 [main] INFO RW500PKGSMOKE - Enter Ht
2022-08-26 17:04:28,787 [main] INFO RW500PKGSMOKE - Enter Act Wt
2022-08-26 17:04:29,311 [main] INFO RW500PKGSMOKE - Enter Qty
2022-08-26 17:04:29,511 [main] INFO RW500PKGSMOKE - Enter Len
2022-08-26 17:04:29,718 [main] INFO RW500PKGSMOKE - Enter Wid
2022-08-26 17:04:29,933 [main] INFO RW500PKGSMOKE - Enter Ht
2022-08-26 17:04:30,156 [main] INFO RW500PKGSMOKE - Enter Act Wt
2022-08-26 17:04:30,666 [main] INFO RW500PKGSMOKE - Enter Qty
2022-08-26 17:04:30,986 [main] INFO RW500PKGSMOKE - Enter Len
2022-08-26 17:04:31,270 [main] INFO RW500PKGSMOKE - Enter Wid
2022-08-26 17:04:31,460 [main] INFO RW500PKGSMOKE - Enter Ht
2022-08-26 17:04:31,648 [main] INFO RW500PKGSMOKE - Enter Act Wt
2022-08-26 17:04:32,119 [main] INFO RW500PKGSMOKE - Enter Qty
2022-08-26 17:04:32,476 [main] INFO RW500PKGSMOKE - Enter Len
2022-08-26 17:04:32,784 [main] INFO RW500PKGSMOKE - Enter Wid
2022-08-26 17:04:33,115 [main] INFO RW500PKGSMOKE - Enter Ht
2022-08-26 17:04:33,488 [main] INFO RW500PKGSMOKE - Enter Act Wt
2022-08-26 17:04:33,680 [main] INFO RW500PKGSMOKE - Click on Next button
2022-08-26 17:04:36,279 [main] INFO RW500PKGSMOKE - Enter Qty
2022-08-26 17:04:36,664 [main] INFO RW500PKGSMOKE - Enter Len
2022-08-26 17:04:36,997 [main] INFO RW500PKGSMOKE - Enter Wid
2022-08-26 17:04:37,248 [main] INFO RW500PKGSMOKE - Enter Ht
2022-08-26 17:04:37,566 [main] INFO RW500PKGSMOKE - Enter Act Wt
2022-08-26 17:04:38,085 [main] INFO RW500PKGSMOKE - Enter Qty
2022-08-26 17:04:38,390 [main] INFO RW500PKGSMOKE - Enter Len
2022-08-26 17:04:38,717 [main] INFO RW500PKGSMOKE - Enter Wid
2022-08-26 17:04:39,038 [main] INFO RW500PKGSMOKE - Enter Ht
2022-08-26 17:04:39,349 [main] INFO RW500PKGSMOKE - Enter Act Wt
2022-08-26 17:04:39,907 [main] INFO RW500PKGSMOKE - Enter Qty
2022-08-26 17:04:40,098 [main] INFO RW500PKGSMOKE - Enter Len
2022-08-26 17:04:40,357 [main] INFO RW500PKGSMOKE - Enter Wid
2022-08-26 17:04:40,645 [main] INFO RW500PKGSMOKE - Enter Ht
2022-08-26 17:04:40,983 [main] INFO RW500PKGSMOKE - Enter Act Wt
2022-08-26 17:04:41,239 [main] INFO RW500PKGSMOKE - Enter Ref 1
2022-08-26 17:04:41,540 [main] INFO RW500PKGSMOKE - Enter Ref 3
2022-08-26 17:04:48,307 [main] INFO RW500PKGSMOKE - Click on Add Shipment
2022-08-26 17:04:53,346 [main] INFO RW500PKGSMOKE - Scroll down to Edit stop
2022-08-26 17:04:55,507 [main] INFO RW500PKGSMOKE - Scroll down to Done btn
2022-08-26 17:04:55,745 [main] INFO RW500PKGSMOKE - Click on DOne button
2022-08-26 17:04:55,991 [main] INFO RW500PKGSMOKE - ActualMsg==Shipment Stop Sequence is missing. Please include all stops in sequence to generate route.
2022-08-26 17:04:55,992 [main] INFO RW500PKGSMOKE - Display this validation when seq not proper: Shipment Stop Sequence is missing. Please include all stops in sequence to generate route.
2022-08-26 17:04:56,220 [main] INFO RW500PKGSMOKE - Click on Save For Later button
2022-08-26 17:05:03,964 [main] INFO RW500PKGSMOKE - Message==Route Created Successfully with RouteWorkId TR00002742.
2022-08-26 17:05:04,226 [main] INFO RW500PKGSMOKE - RouteWorkId: TR00002742
2022-08-26 17:05:04,478 [main] INFO RW500PKGSMOKE - Select ALL from status dropdown
2022-08-26 17:05:06,708 [main] INFO RW500PKGSMOKE - Enter RWID
2022-08-26 17:05:08,908 [main] INFO RW500PKGSMOKE - Click on Search button
2022-08-26 17:05:14,282 [main] INFO RW500PKGSMOKE - Click on Edit button
2022-08-26 17:05:23,993 [main] INFO RW500PKGSMOKE - Scroll to Add Shipment
2022-08-26 17:05:26,195 [main] INFO RW500PKGSMOKE - Scroll to Edit STop
2022-08-26 17:05:28,852 [main] INFO RW500PKGSMOKE - Click on Edit button of shipment 3
2022-08-26 17:05:35,661 [main] INFO RW500PKGSMOKE - Enter To stop seq 5
2022-08-26 17:05:37,749 [main] INFO RW500PKGSMOKE - Scroll to Recp Order Rcvd
2022-08-26 17:05:42,026 [main] INFO RW500PKGSMOKE - Click on Add Shipment
2022-08-26 17:05:44,081 [main] INFO RW500PKGSMOKE - Scroll to Edit Stop
2022-08-26 17:05:46,226 [main] INFO RW500PKGSMOKE - Click on Edit button of shipment 3
2022-08-26 17:05:46,227 [main] INFO RW500PKGSMOKE - New Shipment-5
2022-08-26 17:05:46,579 [main] INFO RW500PKGSMOKE - Enter From stop seq 1
2022-08-26 17:05:46,826 [main] INFO RW500PKGSMOKE - Enter To Stop seq 6
2022-08-26 17:05:47,076 [main] INFO RW500PKGSMOKE - Enter To Company
2022-08-26 17:05:47,290 [main] INFO RW500PKGSMOKE - Enter To Contact
2022-08-26 17:05:47,575 [main] INFO RW500PKGSMOKE - Enter To Address 1
2022-08-26 17:05:47,771 [main] INFO RW500PKGSMOKE - Enter To Address 2
2022-08-26 17:05:47,991 [main] INFO RW500PKGSMOKE - Enter To Zip
2022-08-26 17:05:50,225 [main] INFO RW500PKGSMOKE - Enter To Phone
2022-08-26 17:05:50,398 [main] INFO RW500PKGSMOKE - Enter To Del Instruction
2022-08-26 17:05:50,537 [main] INFO RW500PKGSMOKE - Enter To Recipient Email
2022-08-26 17:05:50,639 [main] INFO RW500PKGSMOKE - Click on Recp Order Rcvd
2022-08-26 17:05:50,809 [main] INFO RW500PKGSMOKE - Click on Recp PickUp
2022-08-26 17:05:50,970 [main] INFO RW500PKGSMOKE - Click on Recp Delivery
2022-08-26 17:05:51,228 [main] INFO RW500PKGSMOKE - Enter To Ref 1
2022-08-26 17:05:51,455 [main] INFO RW500PKGSMOKE - Enter To Ref 3
2022-08-26 17:05:58,946 [main] INFO RW500PKGSMOKE - Click on Add Shipment
2022-08-26 17:06:03,983 [main] INFO RW500PKGSMOKE - Scroll to Edit stop
2022-08-26 17:06:06,121 [main] INFO RW500PKGSMOKE - Scroll to Done
2022-08-26 17:06:06,361 [main] INFO RW500PKGSMOKE - Click on Done button
2022-08-26 17:06:12,043 [main] INFO RW500PKGSMOKE - Select All as status
2022-08-26 17:06:12,341 [main] INFO RW500PKGSMOKE - Enter RWID
2022-08-26 17:06:12,547 [main] INFO RW500PKGSMOKE - Click on Search button
2022-08-26 17:06:17,998 [main] INFO RW500PKGSMOKE - Click on Edit button
2022-08-26 17:06:22,658 [main] INFO RW500PKGSMOKE - Scroll to add shipment
2022-08-26 17:06:22,697 [main] INFO RW500PKGSMOKE - Add new shipment detail-6
2022-08-26 17:06:22,949 [main] INFO RW500PKGSMOKE - Enter from stop seq 3
2022-08-26 17:06:23,298 [main] INFO RW500PKGSMOKE - Enter to stop seq 6
2022-08-26 17:06:23,659 [main] INFO RW500PKGSMOKE - Enter Pieces
2022-08-26 17:06:23,960 [main] INFO RW500PKGSMOKE - Enter Contents
2022-08-26 17:06:24,146 [main] INFO RW500PKGSMOKE - Enter Len
2022-08-26 17:06:24,296 [main] INFO RW500PKGSMOKE - Enter Wid
2022-08-26 17:06:24,468 [main] INFO RW500PKGSMOKE - Enter Ht
2022-08-26 17:06:24,656 [main] INFO RW500PKGSMOKE - Enter Wt
2022-08-26 17:06:24,811 [main] INFO RW500PKGSMOKE - Enter Ref 1
2022-08-26 17:06:24,949 [main] INFO RW500PKGSMOKE - Enter Ref 3
2022-08-26 17:06:29,856 [main] INFO RW500PKGSMOKE - Click on Add Shipment
2022-08-26 17:06:31,934 [main] INFO RW500PKGSMOKE - Scroll to Add Shipment
2022-08-26 17:06:33,975 [main] INFO RW500PKGSMOKE - Scroll to Edit Stop
2022-08-26 17:06:36,588 [main] INFO RW500PKGSMOKE - Click on Edit button of shipment 6
2022-08-26 17:06:44,755 [main] INFO RW500PKGSMOKE - Enter from stop seq 2
2022-08-26 17:06:49,824 [main] INFO RW500PKGSMOKE - Scroll to Recp Order Rcvd
2022-08-26 17:06:56,195 [main] INFO RW500PKGSMOKE - Scroll to Done button
2022-08-26 17:06:56,434 [main] INFO RW500PKGSMOKE - Click on DOne button
2022-08-26 17:07:01,144 [main] INFO RW500PKGSMOKE - Click on Activate button
2022-08-26 17:07:08,203 [main] INFO RW500PKGSMOKE - Accept the Alert
2022-08-26 17:07:08,499 [main] INFO RW500PKGSMOKE - Click on Edit button
2022-08-26 17:07:14,733 [main] INFO RW500PKGSMOKE - Scroll to Add Shipment
2022-08-26 17:07:14,734 [main] INFO RW500PKGSMOKE - Add Shipment 7, 4-6
2022-08-26 17:07:15,057 [main] INFO RW500PKGSMOKE - Enter From Stop sequence 4
2022-08-26 17:07:15,378 [main] INFO RW500PKGSMOKE - Enter To Stop sequence 6
2022-08-26 17:07:15,610 [main] INFO RW500PKGSMOKE - Enter Ref 1
2022-08-26 17:07:15,807 [main] INFO RW500PKGSMOKE - Enter Ref 3
2022-08-26 17:07:19,534 [main] INFO RW500PKGSMOKE - Click on Add Shipment
2022-08-26 17:07:24,588 [main] INFO RW500PKGSMOKE - Scroll to Edit STop
2022-08-26 17:07:24,962 [main] INFO RW500PKGSMOKE - Click on Edit button of shipment 7
2022-08-26 17:07:28,673 [main] INFO RW500PKGSMOKE - Enter From Stop sequence 3
2022-08-26 17:07:30,727 [main] INFO RW500PKGSMOKE - Scroll to Recp Order Rcvd
2022-08-26 17:07:34,458 [main] INFO RW500PKGSMOKE - Click on Add Shipment
2022-08-26 17:07:39,496 [main] INFO RW500PKGSMOKE - Scroll to Edit stop
2022-08-26 17:07:39,590 [main] INFO RW500PKGSMOKE - Scroll to Done button
2022-08-26 17:07:41,785 [main] INFO RW500PKGSMOKE - Click on Done button
2022-08-26 17:07:45,904 [main] INFO RW500PKGSMOKE - Click on Activate
2022-08-26 17:07:51,961 [main] INFO RW500PKGSMOKE - Click on Ok button of alert
2022-08-26 17:07:52,036 [main] INFO RW500PKGSMOKE - Next Gen==Next generated order is on 08/26/2022 04:37 with Ready Date of 08/26/2022 08:30
2022-08-26 17:07:52,787 [main] INFO RW500PKGSMOKE - Click on Search button
