2022-09-29 11:33:45,301 - io.github.bonigarcia.wdm.WebDriverManager -INFO - Using chromedriver 105.0.5195.52 (since Google Chrome 105 is installed in your machine)
2022-09-29 11:33:45,321 - io.github.bonigarcia.wdm.WebDriverManager -INFO - Exporting webdriver.chrome.driver as C:\Users\rprajapati\.m2\repository\webdriver\chromedriver\win32\105.0.5195.52\chromedriver.exe
2022-09-29 11:34:08,031 - RW500PKGSMOKE -INFO - Clicked on Admin
2022-09-29 11:34:08,214 - RW500PKGSMOKE -INFO - Moved to Route Work
2022-09-29 11:34:13,931 - RW500PKGSMOKE -INFO - Clicked on Route work form
2022-09-29 11:34:14,108 - RW500PKGSMOKE -INFO - Enter RW Description
2022-09-29 11:34:14,171 - RW500PKGSMOKE -INFO - RWName==Route Name Automation 3822226
2022-09-29 11:34:14,313 - RW500PKGSMOKE -INFO - Enter Customer Code
2022-09-29 11:34:14,430 - RW500PKGSMOKE -INFO - Enter Declared Value
2022-09-29 11:34:14,609 - RW500PKGSMOKE -INFO - Enter Reference 2 and 4
2022-09-29 11:34:14,690 - RW500PKGSMOKE -INFO - Clicked on Executed By
2022-09-29 11:34:14,826 - RW500PKGSMOKE -INFO - Enter Generate Route 1
2022-09-29 11:34:14,924 - RW500PKGSMOKE -INFO - Enter Courier Route
2022-09-29 11:34:15,086 - RW500PKGSMOKE -INFO - Enter Start Date
2022-09-29 11:34:15,182 - RW500PKGSMOKE -INFO - Enter End Date
2022-09-29 11:34:15,244 - RW500PKGSMOKE -INFO - Enter Ready Hour
2022-09-29 11:34:15,318 - RW500PKGSMOKE -INFO - Enter Ready Minute
2022-09-29 11:34:15,443 - RW500PKGSMOKE -INFO - Enter Due Hour
2022-09-29 11:34:15,522 - RW500PKGSMOKE -INFO - Enter Due Minute
2022-09-29 11:34:15,602 - RW500PKGSMOKE -INFO - Enter Due Format
2022-09-29 11:34:15,668 - RW500PKGSMOKE -INFO - Ready Time: 08:30 AM
2022-09-29 11:34:15,736 - RW500PKGSMOKE -INFO - Clicked on Recurrence
2022-09-29 11:34:15,845 - RW500PKGSMOKE -INFO - Enter 2 in Daily
2022-09-29 11:34:16,147 - RW500PKGSMOKE -INFO - Enter Exempt Date
2022-09-29 11:34:16,269 - RW500PKGSMOKE -INFO - Enter Alternate Date
2022-09-29 11:34:16,403 - RW500PKGSMOKE -INFO - Enter First Generation Date
2022-09-29 11:34:16,524 - RW500PKGSMOKE -INFO - Enter Hour
2022-09-29 11:34:16,595 - RW500PKGSMOKE -INFO - Enter Minute
2022-09-29 11:34:16,717 - RW500PKGSMOKE -INFO - Enter Am/PM
2022-09-29 11:34:17,001 - RW500PKGSMOKE -INFO - Enter Route Work Email
2022-09-29 11:34:17,098 - RW500PKGSMOKE -INFO - Enter Flat Rate
2022-09-29 11:34:17,559 - RW500PKGSMOKE -INFO - Enter Packages
2022-09-29 11:34:19,844 - RW500PKGSMOKE -INFO - Click on Route No
2022-09-29 11:34:22,075 - RW500PKGSMOKE -INFO - Enter Content
2022-09-29 11:34:23,281 - RW500PKGSMOKE -INFO - Enter Route Qty
2022-09-29 11:34:23,904 - RW500PKGSMOKE -INFO - Enter Route Qty
2022-09-29 11:34:24,645 - RW500PKGSMOKE -INFO - Enter Route Qty
2022-09-29 11:34:25,186 - RW500PKGSMOKE -INFO - Enter Route Qty
2022-09-29 11:34:25,697 - RW500PKGSMOKE -INFO - Enter Route Qty
2022-09-29 11:34:26,185 - RW500PKGSMOKE -INFO - Enter Route Qty
2022-09-29 11:34:26,693 - RW500PKGSMOKE -INFO - Enter Route Qty
2022-09-29 11:34:27,206 - RW500PKGSMOKE -INFO - Enter Route Qty
2022-09-29 11:34:27,746 - RW500PKGSMOKE -INFO - Enter Route Qty
2022-09-29 11:34:28,341 - RW500PKGSMOKE -INFO - Enter Route Qty
2022-09-29 11:34:28,816 - RW500PKGSMOKE -INFO - Click on Next button
2022-09-29 11:34:30,939 - RW500PKGSMOKE -INFO - Enter Route Qty
2022-09-29 11:34:31,578 - RW500PKGSMOKE -INFO - Enter Route Qty
2022-09-29 11:34:32,061 - RW500PKGSMOKE -INFO - Enter Route Qty
2022-09-29 11:34:32,506 - RW500PKGSMOKE -INFO - Enter Route Qty
2022-09-29 11:34:32,951 - RW500PKGSMOKE -INFO - Enter Route Qty
2022-09-29 11:34:33,395 - RW500PKGSMOKE -INFO - Enter Route Qty
2022-09-29 11:34:33,837 - RW500PKGSMOKE -INFO - Enter Route Qty
2022-09-29 11:34:34,285 - RW500PKGSMOKE -INFO - Enter Route Qty
2022-09-29 11:34:34,767 - RW500PKGSMOKE -INFO - Enter Route Qty
2022-09-29 11:34:35,235 - RW500PKGSMOKE -INFO - Enter Route Qty
2022-09-29 11:34:35,643 - RW500PKGSMOKE -INFO - Click on Next button
2022-09-29 11:34:37,856 - RW500PKGSMOKE -INFO - Enter Route Qty
2022-09-29 11:34:38,653 - RW500PKGSMOKE -INFO - Enter Route Qty
2022-09-29 11:34:39,510 - RW500PKGSMOKE -INFO - Enter DL Company
2022-09-29 11:34:39,622 - RW500PKGSMOKE -INFO - Enter DL Contact
2022-09-29 11:34:39,747 - RW500PKGSMOKE -INFO - Enter DL Address 1
2022-09-29 11:34:39,840 - RW500PKGSMOKE -INFO - Enter DL Address 2
2022-09-29 11:34:39,967 - RW500PKGSMOKE -INFO - Enter DL ZipCode
2022-09-29 11:34:42,102 - RW500PKGSMOKE -INFO - Enter DL Phone
2022-09-29 11:34:42,237 - RW500PKGSMOKE -INFO - Enter DL Instruction
2022-09-29 11:34:42,238 - RW500PKGSMOKE -INFO - Enter Shipment Details-1
2022-09-29 11:34:42,332 - RW500PKGSMOKE -INFO - Enter From Stop Seq
2022-09-29 11:34:42,478 - RW500PKGSMOKE -INFO - Enter From Company
2022-09-29 11:34:42,574 - RW500PKGSMOKE -INFO - Enter From Contact
2022-09-29 11:34:42,699 - RW500PKGSMOKE -INFO - Enter From Address
2022-09-29 11:34:42,780 - RW500PKGSMOKE -INFO - Enter From Address 2
2022-09-29 11:34:44,985 - RW500PKGSMOKE -INFO - Enter From Zip
2022-09-29 11:34:45,152 - RW500PKGSMOKE -INFO - Enter From Phone
2022-09-29 11:34:45,257 - RW500PKGSMOKE -INFO - Enter From Instruction
2022-09-29 11:34:45,376 - RW500PKGSMOKE -INFO - Enter Shipper Email
2022-09-29 11:34:45,449 - RW500PKGSMOKE -INFO - Click on Shipper Order RCVD Checkbox
2022-09-29 11:34:45,511 - RW500PKGSMOKE -INFO - Click on Ship Pickup
2022-09-29 11:34:45,589 - RW500PKGSMOKE -INFO - Click on Ship Delivery
2022-09-29 11:34:45,662 - RW500PKGSMOKE -INFO - Enter To StopSeq
2022-09-29 11:34:45,770 - RW500PKGSMOKE -INFO - Enter To Company
2022-09-29 11:34:45,875 - RW500PKGSMOKE -INFO - Enter To Contact
2022-09-29 11:34:45,993 - RW500PKGSMOKE -INFO - Enter To Address 1
2022-09-29 11:34:46,107 - RW500PKGSMOKE -INFO - Enter To Address 2
2022-09-29 11:34:46,262 - RW500PKGSMOKE -INFO - Enter To Zip
2022-09-29 11:34:48,509 - RW500PKGSMOKE -INFO - Enter To Phone
2022-09-29 11:34:48,609 - RW500PKGSMOKE -INFO - Enter To Del Instruction
2022-09-29 11:34:48,708 - RW500PKGSMOKE -INFO - Enter To Recipient Email
2022-09-29 11:34:48,775 - RW500PKGSMOKE -INFO - Click on Ship Recp Order RCvd
2022-09-29 11:34:48,881 - RW500PKGSMOKE -INFO - Click on Recp QDT Changey
2022-09-29 11:34:48,979 - RW500PKGSMOKE -INFO - Click on Recp Exception
2022-09-29 11:34:48,979 - RW500PKGSMOKE -INFO - Enter Package for Shipment 1
2022-09-29 11:34:49,118 - RW500PKGSMOKE -INFO - Enter Pieces
2022-09-29 11:34:50,385 - RW500PKGSMOKE -INFO - Enter Contents
2022-09-29 11:34:51,572 - RW500PKGSMOKE -INFO - Enter Len
2022-09-29 11:34:51,709 - RW500PKGSMOKE -INFO - Enter Wid
2022-09-29 11:34:51,884 - RW500PKGSMOKE -INFO - Enter Ht
2022-09-29 11:34:52,070 - RW500PKGSMOKE -INFO - Enter Act Wt
2022-09-29 11:34:52,219 - RW500PKGSMOKE -INFO - Enter Ref 1
2022-09-29 11:34:52,322 - RW500PKGSMOKE -INFO - Enter Ref 3
2022-09-29 11:34:57,637 - RW500PKGSMOKE -INFO - Click on Add Shipment
2022-09-29 11:34:57,638 - RW500PKGSMOKE -INFO - 1st shipment added, Stop 1-2
2022-09-29 11:34:57,678 - RW500PKGSMOKE -INFO - Scrollto Edit STop
2022-09-29 11:34:59,772 - RW500PKGSMOKE -INFO - Scrollto ShipmentDetail
2022-09-29 11:35:04,777 - RW500PKGSMOKE -INFO - Shipment Details 2
2022-09-29 11:35:05,061 - RW500PKGSMOKE -INFO - Enter From Stop 1
2022-09-29 11:35:07,275 - RW500PKGSMOKE -INFO - Enter To stop 3
2022-09-29 11:35:07,416 - RW500PKGSMOKE -INFO - Enter To Company
2022-09-29 11:35:07,526 - RW500PKGSMOKE -INFO - Enter To Contact
2022-09-29 11:35:07,642 - RW500PKGSMOKE -INFO - Enter To Address 1
2022-09-29 11:35:07,909 - RW500PKGSMOKE -INFO - Enter To Zip
2022-09-29 11:35:10,151 - RW500PKGSMOKE -INFO - Enter To Phone
2022-09-29 11:35:10,251 - RW500PKGSMOKE -INFO - Enter To Del Instruction
2022-09-29 11:35:10,414 - RW500PKGSMOKE -INFO - Enter To Recipient Email
2022-09-29 11:35:10,486 - RW500PKGSMOKE -INFO - Click on Reco Order Rcvd
2022-09-29 11:35:10,587 - RW500PKGSMOKE -INFO - Enter To Ref 1
2022-09-29 11:35:10,675 - RW500PKGSMOKE -INFO - Enter To Ref 3
2022-09-29 11:35:15,182 - RW500PKGSMOKE -INFO - Click on Add Shipment
2022-09-29 11:35:15,183 - RW500PKGSMOKE -INFO - 2nd shipment added, Stop 1-3
2022-09-29 11:35:15,211 - RW500PKGSMOKE -INFO - Scrollto Edit STop
2022-09-29 11:35:22,315 - RW500PKGSMOKE -INFO - Scroll to ShipmentDetails
2022-09-29 11:35:22,493 - RW500PKGSMOKE -INFO - Enter Fro Stop Seq 1
2022-09-29 11:35:24,670 - RW500PKGSMOKE -INFO - Enter To Stop seq 4
2022-09-29 11:35:24,745 - RW500PKGSMOKE -INFO - Enter To Company
2022-09-29 11:35:24,924 - RW500PKGSMOKE -INFO - Enter To Contact
2022-09-29 11:35:25,039 - RW500PKGSMOKE -INFO - Enter To Address 1
2022-09-29 11:35:25,119 - RW500PKGSMOKE -INFO - Enter To Address 2
2022-09-29 11:35:25,308 - RW500PKGSMOKE -INFO - Enter To Zip
2022-09-29 11:35:27,537 - RW500PKGSMOKE -INFO - Enter To Phone
2022-09-29 11:35:27,619 - RW500PKGSMOKE -INFO - Enter To Del Instruction
2022-09-29 11:35:27,716 - RW500PKGSMOKE -INFO - Enter To Recipient Email
2022-09-29 11:35:27,784 - RW500PKGSMOKE -INFO - Click on Recp Order Rcvd
2022-09-29 11:35:27,866 - RW500PKGSMOKE -INFO - Click on Recp QDT Change
2022-09-29 11:35:27,936 - RW500PKGSMOKE -INFO - Click on Recp Exception
2022-09-29 11:35:28,072 - RW500PKGSMOKE -INFO - Enter To Zip
2022-09-29 11:35:28,274 - RW500PKGSMOKE -INFO - Enter To Zip
2022-09-29 11:35:28,941 - RW500PKGSMOKE -INFO - Enter Len
2022-09-29 11:35:29,153 - RW500PKGSMOKE -INFO - Enter Wt
2022-09-29 11:35:29,343 - RW500PKGSMOKE -INFO - Enter Ht
2022-09-29 11:35:29,504 - RW500PKGSMOKE -INFO - Enter Act Wt
2022-09-29 11:35:29,597 - RW500PKGSMOKE -INFO - Enter To Ref 1
2022-09-29 11:35:29,722 - RW500PKGSMOKE -INFO - Enter Ref 3
2022-09-29 11:35:33,122 - RW500PKGSMOKE -INFO - Click on Add Shipment
2022-09-29 11:35:33,123 - RW500PKGSMOKE -INFO - 3rd shipment added, Stop 1-4
2022-09-29 11:35:33,169 - RW500PKGSMOKE -INFO - Scrollto Edit STop
2022-09-29 11:35:40,278 - RW500PKGSMOKE -INFO - Scroll to ShipmentDetails
2022-09-29 11:35:40,279 - RW500PKGSMOKE -INFO - Shipment Details 4
2022-09-29 11:35:40,524 - RW500PKGSMOKE -INFO - Enter from stop seq 1
2022-09-29 11:35:42,684 - RW500PKGSMOKE -INFO - Enter To Stop seq 6
2022-09-29 11:35:42,830 - RW500PKGSMOKE -INFO - Enter To Compnay
2022-09-29 11:35:42,943 - RW500PKGSMOKE -INFO - Enter To Contact
2022-09-29 11:35:43,049 - RW500PKGSMOKE -INFO - Enter To Address 1
2022-09-29 11:35:43,196 - RW500PKGSMOKE -INFO - Enter To Zip
2022-09-29 11:35:45,443 - RW500PKGSMOKE -INFO - Enter To Phone
2022-09-29 11:35:45,539 - RW500PKGSMOKE -INFO - Enter To Del Instr
2022-09-29 11:35:45,639 - RW500PKGSMOKE -INFO - Enter To Recipient Email
2022-09-29 11:35:45,724 - RW500PKGSMOKE -INFO - Click on Recp Order Rcvd
2022-09-29 11:35:45,900 - RW500PKGSMOKE -INFO - Enter Pieces
2022-09-29 11:35:46,310 - RW500PKGSMOKE -INFO - Click on RDB No
2022-09-29 11:35:47,564 - RW500PKGSMOKE -INFO - Enter Contents
2022-09-29 11:35:50,051 - RW500PKGSMOKE -INFO - Enter Qty
2022-09-29 11:35:50,181 - RW500PKGSMOKE -INFO - Enter Len
2022-09-29 11:35:50,342 - RW500PKGSMOKE -INFO - Enter Wid
2022-09-29 11:35:50,454 - RW500PKGSMOKE -INFO - Enter Ht
2022-09-29 11:35:50,584 - RW500PKGSMOKE -INFO - Enter Act Wt
2022-09-29 11:35:50,974 - RW500PKGSMOKE -INFO - Enter Qty
2022-09-29 11:35:51,137 - RW500PKGSMOKE -INFO - Enter Len
2022-09-29 11:35:51,272 - RW500PKGSMOKE -INFO - Enter Wid
2022-09-29 11:35:51,432 - RW500PKGSMOKE -INFO - Enter Ht
2022-09-29 11:35:51,543 - RW500PKGSMOKE -INFO - Enter Act Wt
2022-09-29 11:35:51,928 - RW500PKGSMOKE -INFO - Enter Qty
2022-09-29 11:35:52,108 - RW500PKGSMOKE -INFO - Enter Len
2022-09-29 11:35:52,339 - RW500PKGSMOKE -INFO - Enter Wid
2022-09-29 11:35:52,506 - RW500PKGSMOKE -INFO - Enter Ht
2022-09-29 11:35:52,669 - RW500PKGSMOKE -INFO - Enter Act Wt
2022-09-29 11:35:53,069 - RW500PKGSMOKE -INFO - Enter Qty
2022-09-29 11:35:53,270 - RW500PKGSMOKE -INFO - Enter Len
2022-09-29 11:35:53,503 - RW500PKGSMOKE -INFO - Enter Wid
2022-09-29 11:35:53,745 - RW500PKGSMOKE -INFO - Enter Ht
2022-09-29 11:35:53,920 - RW500PKGSMOKE -INFO - Enter Act Wt
2022-09-29 11:35:54,349 - RW500PKGSMOKE -INFO - Enter Qty
2022-09-29 11:35:54,500 - RW500PKGSMOKE -INFO - Enter Len
2022-09-29 11:35:54,636 - RW500PKGSMOKE -INFO - Enter Wid
2022-09-29 11:35:54,792 - RW500PKGSMOKE -INFO - Enter Ht
2022-09-29 11:35:55,036 - RW500PKGSMOKE -INFO - Enter Act Wt
2022-09-29 11:35:55,435 - RW500PKGSMOKE -INFO - Enter Qty
2022-09-29 11:35:55,605 - RW500PKGSMOKE -INFO - Enter Len
2022-09-29 11:35:55,782 - RW500PKGSMOKE -INFO - Enter Wid
2022-09-29 11:35:55,938 - RW500PKGSMOKE -INFO - Enter Ht
2022-09-29 11:35:56,117 - RW500PKGSMOKE -INFO - Enter Act Wt
2022-09-29 11:35:56,542 - RW500PKGSMOKE -INFO - Enter Qty
2022-09-29 11:35:56,721 - RW500PKGSMOKE -INFO - Enter Len
2022-09-29 11:35:56,945 - RW500PKGSMOKE -INFO - Enter Wid
2022-09-29 11:35:57,109 - RW500PKGSMOKE -INFO - Enter Ht
2022-09-29 11:35:57,313 - RW500PKGSMOKE -INFO - Enter Act Wt
2022-09-29 11:35:57,753 - RW500PKGSMOKE -INFO - Enter Qty
2022-09-29 11:35:57,954 - RW500PKGSMOKE -INFO - Enter Len
2022-09-29 11:35:58,151 - RW500PKGSMOKE -INFO - Enter Wid
2022-09-29 11:35:58,376 - RW500PKGSMOKE -INFO - Enter Ht
2022-09-29 11:35:58,570 - RW500PKGSMOKE -INFO - Enter Act Wt
2022-09-29 11:35:58,985 - RW500PKGSMOKE -INFO - Enter Qty
2022-09-29 11:35:59,202 - RW500PKGSMOKE -INFO - Enter Len
2022-09-29 11:35:59,369 - RW500PKGSMOKE -INFO - Enter Wid
2022-09-29 11:35:59,549 - RW500PKGSMOKE -INFO - Enter Ht
2022-09-29 11:35:59,742 - RW500PKGSMOKE -INFO - Enter Act Wt
2022-09-29 11:36:00,135 - RW500PKGSMOKE -INFO - Enter Qty
2022-09-29 11:36:00,289 - RW500PKGSMOKE -INFO - Enter Len
2022-09-29 11:36:00,423 - RW500PKGSMOKE -INFO - Enter Wid
2022-09-29 11:36:00,601 - RW500PKGSMOKE -INFO - Enter Ht
2022-09-29 11:36:00,734 - RW500PKGSMOKE -INFO - Enter Act Wt
2022-09-29 11:36:00,856 - RW500PKGSMOKE -INFO - Click on Next button
2022-09-29 11:36:03,288 - RW500PKGSMOKE -INFO - Enter Qty
2022-09-29 11:36:03,525 - RW500PKGSMOKE -INFO - Enter Len
2022-09-29 11:36:03,727 - RW500PKGSMOKE -INFO - Enter Wid
2022-09-29 11:36:03,901 - RW500PKGSMOKE -INFO - Enter Ht
2022-09-29 11:36:04,050 - RW500PKGSMOKE -INFO - Enter Act Wt
2022-09-29 11:36:04,489 - RW500PKGSMOKE -INFO - Enter Qty
2022-09-29 11:36:04,655 - RW500PKGSMOKE -INFO - Enter Len
2022-09-29 11:36:04,859 - RW500PKGSMOKE -INFO - Enter Wid
2022-09-29 11:36:05,036 - RW500PKGSMOKE -INFO - Enter Ht
2022-09-29 11:36:05,177 - RW500PKGSMOKE -INFO - Enter Act Wt
2022-09-29 11:36:05,584 - RW500PKGSMOKE -INFO - Enter Qty
2022-09-29 11:36:05,803 - RW500PKGSMOKE -INFO - Enter Len
2022-09-29 11:36:05,966 - RW500PKGSMOKE -INFO - Enter Wid
2022-09-29 11:36:06,127 - RW500PKGSMOKE -INFO - Enter Ht
2022-09-29 11:36:06,274 - RW500PKGSMOKE -INFO - Enter Act Wt
2022-09-29 11:36:06,598 - RW500PKGSMOKE -INFO - Enter Qty
2022-09-29 11:36:06,790 - RW500PKGSMOKE -INFO - Enter Len
2022-09-29 11:36:06,978 - RW500PKGSMOKE -INFO - Enter Wid
2022-09-29 11:36:07,148 - RW500PKGSMOKE -INFO - Enter Ht
2022-09-29 11:36:07,349 - RW500PKGSMOKE -INFO - Enter Act Wt
2022-09-29 11:36:07,631 - RW500PKGSMOKE -INFO - Enter Qty
2022-09-29 11:36:07,731 - RW500PKGSMOKE -INFO - Enter Len
2022-09-29 11:36:07,833 - RW500PKGSMOKE -INFO - Enter Wid
2022-09-29 11:36:07,941 - RW500PKGSMOKE -INFO - Enter Ht
2022-09-29 11:36:08,042 - RW500PKGSMOKE -INFO - Enter Act Wt
2022-09-29 11:36:08,335 - RW500PKGSMOKE -INFO - Enter Qty
2022-09-29 11:36:08,442 - RW500PKGSMOKE -INFO - Enter Len
2022-09-29 11:36:08,550 - RW500PKGSMOKE -INFO - Enter Wid
2022-09-29 11:36:08,654 - RW500PKGSMOKE -INFO - Enter Ht
2022-09-29 11:36:08,755 - RW500PKGSMOKE -INFO - Enter Act Wt
2022-09-29 11:36:09,065 - RW500PKGSMOKE -INFO - Enter Qty
2022-09-29 11:36:09,172 - RW500PKGSMOKE -INFO - Enter Len
2022-09-29 11:36:09,275 - RW500PKGSMOKE -INFO - Enter Wid
2022-09-29 11:36:09,384 - RW500PKGSMOKE -INFO - Enter Ht
2022-09-29 11:36:09,497 - RW500PKGSMOKE -INFO - Enter Act Wt
2022-09-29 11:36:09,791 - RW500PKGSMOKE -INFO - Enter Qty
2022-09-29 11:36:09,897 - RW500PKGSMOKE -INFO - Enter Len
2022-09-29 11:36:09,999 - RW500PKGSMOKE -INFO - Enter Wid
2022-09-29 11:36:10,107 - RW500PKGSMOKE -INFO - Enter Ht
2022-09-29 11:36:10,210 - RW500PKGSMOKE -INFO - Enter Act Wt
2022-09-29 11:36:10,527 - RW500PKGSMOKE -INFO - Enter Qty
2022-09-29 11:36:10,635 - RW500PKGSMOKE -INFO - Enter Len
2022-09-29 11:36:10,737 - RW500PKGSMOKE -INFO - Enter Wid
2022-09-29 11:36:10,847 - RW500PKGSMOKE -INFO - Enter Ht
2022-09-29 11:36:10,948 - RW500PKGSMOKE -INFO - Enter Act Wt
2022-09-29 11:36:11,225 - RW500PKGSMOKE -INFO - Enter Qty
2022-09-29 11:36:11,334 - RW500PKGSMOKE -INFO - Enter Len
2022-09-29 11:36:11,461 - RW500PKGSMOKE -INFO - Enter Wid
2022-09-29 11:36:11,572 - RW500PKGSMOKE -INFO - Enter Ht
2022-09-29 11:36:11,674 - RW500PKGSMOKE -INFO - Enter Act Wt
2022-09-29 11:36:11,735 - RW500PKGSMOKE -INFO - Click on Next button
2022-09-29 11:36:14,082 - RW500PKGSMOKE -INFO - Enter Qty
2022-09-29 11:36:14,187 - RW500PKGSMOKE -INFO - Enter Len
2022-09-29 11:36:14,291 - RW500PKGSMOKE -INFO - Enter Wid
2022-09-29 11:36:14,413 - RW500PKGSMOKE -INFO - Enter Ht
2022-09-29 11:36:14,524 - RW500PKGSMOKE -INFO - Enter Act Wt
2022-09-29 11:36:14,832 - RW500PKGSMOKE -INFO - Enter Qty
2022-09-29 11:36:14,936 - RW500PKGSMOKE -INFO - Enter Len
2022-09-29 11:36:15,047 - RW500PKGSMOKE -INFO - Enter Wid
2022-09-29 11:36:15,152 - RW500PKGSMOKE -INFO - Enter Ht
2022-09-29 11:36:15,260 - RW500PKGSMOKE -INFO - Enter Act Wt
2022-09-29 11:36:15,580 - RW500PKGSMOKE -INFO - Enter Qty
2022-09-29 11:36:15,684 - RW500PKGSMOKE -INFO - Enter Len
2022-09-29 11:36:15,790 - RW500PKGSMOKE -INFO - Enter Wid
2022-09-29 11:36:15,897 - RW500PKGSMOKE -INFO - Enter Ht
2022-09-29 11:36:16,000 - RW500PKGSMOKE -INFO - Enter Act Wt
2022-09-29 11:36:16,301 - RW500PKGSMOKE -INFO - Enter Qty
2022-09-29 11:36:16,404 - RW500PKGSMOKE -INFO - Enter Len
2022-09-29 11:36:16,508 - RW500PKGSMOKE -INFO - Enter Wid
2022-09-29 11:36:16,618 - RW500PKGSMOKE -INFO - Enter Ht
2022-09-29 11:36:16,721 - RW500PKGSMOKE -INFO - Enter Act Wt
2022-09-29 11:36:17,048 - RW500PKGSMOKE -INFO - Enter Qty
2022-09-29 11:36:17,150 - RW500PKGSMOKE -INFO - Enter Len
2022-09-29 11:36:17,255 - RW500PKGSMOKE -INFO - Enter Wid
2022-09-29 11:36:17,367 - RW500PKGSMOKE -INFO - Enter Ht
2022-09-29 11:36:17,481 - RW500PKGSMOKE -INFO - Enter Act Wt
2022-09-29 11:36:17,817 - RW500PKGSMOKE -INFO - Enter Qty
2022-09-29 11:36:17,930 - RW500PKGSMOKE -INFO - Enter Len
2022-09-29 11:36:18,042 - RW500PKGSMOKE -INFO - Enter Wid
2022-09-29 11:36:18,174 - RW500PKGSMOKE -INFO - Enter Ht
2022-09-29 11:36:18,282 - RW500PKGSMOKE -INFO - Enter Act Wt
2022-09-29 11:36:18,574 - RW500PKGSMOKE -INFO - Enter Qty
2022-09-29 11:36:18,684 - RW500PKGSMOKE -INFO - Enter Len
2022-09-29 11:36:18,788 - RW500PKGSMOKE -INFO - Enter Wid
2022-09-29 11:36:18,894 - RW500PKGSMOKE -INFO - Enter Ht
2022-09-29 11:36:19,002 - RW500PKGSMOKE -INFO - Enter Act Wt
2022-09-29 11:36:19,320 - RW500PKGSMOKE -INFO - Enter Qty
2022-09-29 11:36:19,434 - RW500PKGSMOKE -INFO - Enter Len
2022-09-29 11:36:19,548 - RW500PKGSMOKE -INFO - Enter Wid
2022-09-29 11:36:19,661 - RW500PKGSMOKE -INFO - Enter Ht
2022-09-29 11:36:19,767 - RW500PKGSMOKE -INFO - Enter Act Wt
2022-09-29 11:36:20,092 - RW500PKGSMOKE -INFO - Enter Qty
2022-09-29 11:36:20,202 - RW500PKGSMOKE -INFO - Enter Len
2022-09-29 11:36:20,308 - RW500PKGSMOKE -INFO - Enter Wid
2022-09-29 11:36:20,417 - RW500PKGSMOKE -INFO - Enter Ht
2022-09-29 11:36:20,534 - RW500PKGSMOKE -INFO - Enter Act Wt
2022-09-29 11:36:20,869 - RW500PKGSMOKE -INFO - Enter Qty
2022-09-29 11:36:20,975 - RW500PKGSMOKE -INFO - Enter Len
2022-09-29 11:36:21,083 - RW500PKGSMOKE -INFO - Enter Wid
2022-09-29 11:36:21,197 - RW500PKGSMOKE -INFO - Enter Ht
2022-09-29 11:36:21,303 - RW500PKGSMOKE -INFO - Enter Act Wt
2022-09-29 11:36:21,358 - RW500PKGSMOKE -INFO - Click on Next button
2022-09-29 11:36:23,673 - RW500PKGSMOKE -INFO - Enter Qty
2022-09-29 11:36:23,782 - RW500PKGSMOKE -INFO - Enter Len
2022-09-29 11:36:23,893 - RW500PKGSMOKE -INFO - Enter Wid
2022-09-29 11:36:24,003 - RW500PKGSMOKE -INFO - Enter Ht
2022-09-29 11:36:24,116 - RW500PKGSMOKE -INFO - Enter Act Wt
2022-09-29 11:36:24,380 - RW500PKGSMOKE -INFO - Enter Qty
2022-09-29 11:36:24,515 - RW500PKGSMOKE -INFO - Enter Len
2022-09-29 11:36:24,663 - RW500PKGSMOKE -INFO - Enter Wid
2022-09-29 11:36:24,799 - RW500PKGSMOKE -INFO - Enter Ht
2022-09-29 11:36:24,912 - RW500PKGSMOKE -INFO - Enter Act Wt
2022-09-29 11:36:25,183 - RW500PKGSMOKE -INFO - Enter Qty
2022-09-29 11:36:25,291 - RW500PKGSMOKE -INFO - Enter Len
2022-09-29 11:36:25,398 - RW500PKGSMOKE -INFO - Enter Wid
2022-09-29 11:36:25,509 - RW500PKGSMOKE -INFO - Enter Ht
2022-09-29 11:36:25,621 - RW500PKGSMOKE -INFO - Enter Act Wt
2022-09-29 11:36:25,723 - RW500PKGSMOKE -INFO - Enter Ref 1
2022-09-29 11:36:25,810 - RW500PKGSMOKE -INFO - Enter Ref 3
2022-09-29 11:36:30,222 - RW500PKGSMOKE -INFO - Click on Add Shipment
2022-09-29 11:36:30,223 - RW500PKGSMOKE -INFO - 4th shipment added, Stop 1-6
2022-09-29 11:36:30,284 - RW500PKGSMOKE -INFO - Scrollto Edit STop
2022-09-29 11:36:34,389 - RW500PKGSMOKE -INFO - Scroll down to Done btn
2022-09-29 11:36:34,568 - RW500PKGSMOKE -INFO - Click on DOne button
2022-09-29 11:36:34,651 - RW500PKGSMOKE -INFO - ActualMsg==Shipment Stop Sequence is missing. Please include all stops in sequence to generate route.
2022-09-29 11:36:34,651 - RW500PKGSMOKE -INFO - Display this validation when seq not proper: Shipment Stop Sequence is missing. Please include all stops in sequence to generate route.
2022-09-29 11:36:34,707 - RW500PKGSMOKE -INFO - Click on Save For Later button
2022-09-29 11:36:41,552 - RW500PKGSMOKE -INFO - Message==Route Created Successfully with RouteWorkId TR00002931.
2022-09-29 11:36:41,781 - RW500PKGSMOKE -INFO - RouteWorkId: TR00002931
2022-09-29 11:37:04,063 - RW500PKGSMOKE -INFO - Click on Edit button of shipment 3
2022-09-29 11:37:07,537 - RW500PKGSMOKE -INFO - Enter To stop seq 5
2022-09-29 11:37:09,576 - RW500PKGSMOKE -INFO - Scroll to Recp Order Rcvd
2022-09-29 11:37:13,437 - RW500PKGSMOKE -INFO - Click on Add Shipment
2022-09-29 11:37:13,438 - RW500PKGSMOKE -INFO - 4th shipment updated, Stop 1-5
2022-09-29 11:37:15,492 - RW500PKGSMOKE -INFO - Click on Edit button of shipment 3
2022-09-29 11:37:15,493 - RW500PKGSMOKE -INFO - New Shipment-5
2022-09-29 11:37:15,613 - RW500PKGSMOKE -INFO - Enter From stop seq 1
2022-09-29 11:37:15,707 - RW500PKGSMOKE -INFO - Enter To Stop seq 6
2022-09-29 11:37:15,788 - RW500PKGSMOKE -INFO - Enter To Company
2022-09-29 11:37:15,870 - RW500PKGSMOKE -INFO - Enter To Contact
2022-09-29 11:37:15,956 - RW500PKGSMOKE -INFO - Enter To Address 1
2022-09-29 11:37:16,015 - RW500PKGSMOKE -INFO - Enter To Address 2
2022-09-29 11:37:16,103 - RW500PKGSMOKE -INFO - Enter To Zip
2022-09-29 11:37:18,250 - RW500PKGSMOKE -INFO - Enter To Phone
2022-09-29 11:37:18,314 - RW500PKGSMOKE -INFO - Enter To Del Instruction
2022-09-29 11:37:18,389 - RW500PKGSMOKE -INFO - Enter To Recipient Email
2022-09-29 11:37:18,440 - RW500PKGSMOKE -INFO - Click on Recp Order Rcvd
2022-09-29 11:37:18,494 - RW500PKGSMOKE -INFO - Click on Recp PickUp
2022-09-29 11:37:18,547 - RW500PKGSMOKE -INFO - Click on Recp Delivery
2022-09-29 11:37:18,629 - RW500PKGSMOKE -INFO - Enter To Ref 1
2022-09-29 11:37:18,699 - RW500PKGSMOKE -INFO - Enter To Ref 3
2022-09-29 11:37:56,170 - RW500PKGSMOKE -INFO - Scroll to add shipment
2022-09-29 11:37:56,217 - RW500PKGSMOKE -INFO - Add new shipment detail-6
2022-09-29 11:37:56,317 - RW500PKGSMOKE -INFO - Enter from stop seq 3
2022-09-29 11:37:56,418 - RW500PKGSMOKE -INFO - Enter to stop seq 6
2022-09-29 11:37:56,518 - RW500PKGSMOKE -INFO - Enter Pieces
2022-09-29 11:37:56,637 - RW500PKGSMOKE -INFO - Enter Contents
2022-09-29 11:37:56,772 - RW500PKGSMOKE -INFO - Enter Len
2022-09-29 11:37:56,900 - RW500PKGSMOKE -INFO - Enter Wid
2022-09-29 11:37:57,030 - RW500PKGSMOKE -INFO - Enter Ht
2022-09-29 11:37:57,163 - RW500PKGSMOKE -INFO - Enter Wt
2022-09-29 11:37:57,232 - RW500PKGSMOKE -INFO - Enter Ref 1
2022-09-29 11:37:57,320 - RW500PKGSMOKE -INFO - Enter Ref 3
2022-09-29 11:38:00,656 - RW500PKGSMOKE -INFO - Click on Add Shipment
2022-09-29 11:38:00,657 - RW500PKGSMOKE -INFO - 6th shipment added, Stop 3-6
2022-09-29 11:38:00,682 - RW500PKGSMOKE -INFO - Scrollto Edit STop
2022-09-29 11:38:04,758 - RW500PKGSMOKE -INFO - Scroll to Add Shipment
2022-09-29 11:38:05,135 - RW500PKGSMOKE -INFO - Click on Edit button of shipment 6
2022-09-29 11:38:12,227 - RW500PKGSMOKE -INFO - Enter from stop seq 2
2022-09-29 11:38:17,254 - RW500PKGSMOKE -INFO - Scroll to Recp Order Rcvd
2022-09-29 11:38:53,585 - RW500PKGSMOKE -INFO - Add Shipment 7, 4-6
2022-09-29 11:38:53,733 - RW500PKGSMOKE -INFO - Enter From Stop sequence 4
2022-09-29 11:38:53,829 - RW500PKGSMOKE -INFO - Enter To Stop sequence 6
2022-09-29 11:38:53,903 - RW500PKGSMOKE -INFO - Enter Ref 1
2022-09-29 11:38:53,977 - RW500PKGSMOKE -INFO - Enter Ref 3
2022-09-29 11:38:57,578 - RW500PKGSMOKE -INFO - Click on Add Shipment
2022-09-29 11:38:57,579 - RW500PKGSMOKE -INFO - 7th shipment added, Stop 4-6
2022-09-29 11:38:57,608 - RW500PKGSMOKE -INFO - Scrollto Edit STop
2022-09-29 11:38:59,864 - RW500PKGSMOKE -INFO - Click on Edit button of shipment 7
2022-09-29 11:39:03,210 - RW500PKGSMOKE -INFO - Enter From Stop sequence 3
2022-09-29 11:39:05,240 - RW500PKGSMOKE -INFO - Scroll to Recp Order Rcvd
2022-09-29 11:39:27,241 - RW500PKGSMOKE -INFO - Next Gen==Next generated order is on 09/29/2022 00:10 with Ready Date of 09/29/2022 08:30
